{
  "stats": {
    "suites": 1,
    "tests": 1,
    "passes": 1,
    "pending": 0,
    "failures": 0,
    "start": "2022-04-19T13:43:40.274Z",
    "end": "2022-04-19T13:43:45.176Z",
    "duration": 4902,
    "testsRegistered": 1,
    "passPercent": 100,
    "pendingPercent": 0,
    "other": 0,
    "hasOther": false,
    "skipped": 0,
    "hasSkipped": false
  },
  "results": [
    {
      "uuid": "c25ad89b-96c7-4269-948a-b1071366ca94",
      "title": "",
      "fullFile": "cypress/integration/Day1/checkboxes.spec.js",
      "file": "cypress/integration/Day1/checkboxes.spec.js",
      "beforeHooks": [],
      "afterHooks": [],
      "tests": [],
      "suites": [
        {
          "uuid": "281686b6-9b67-4517-83e6-3832cb57c717",
          "title": "checkboxes Testing",
          "fullFile": "",
          "file": "",
          "beforeHooks": [],
          "afterHooks": [],
          "tests": [
            {
              "title": "checkboxes Test",
              "fullTitle": "checkboxes Testing checkboxes Test",
              "timedOut": null,
              "duration": 2670,
              "state": "passed",
              "speed": "fast",
              "pass": true,
              "fail": false,
              "pending": false,
              "context": null,
              "code": "cy.visit('http://practice.cybertekschool.com/checkboxes');\ncy.get('#box1').check().should('be.checked');\ncy.wait(1000);\ncy.get('[name=\"checkbox2\"]').click().should('not.be.checked');",
              "err": {},
              "uuid": "c4c2fc44-566e-4100-98f8-3d280a935a27",
              "parentUUID": "281686b6-9b67-4517-83e6-3832cb57c717",
              "isHook": false,
              "skipped": false
            }
          ],
          "suites": [],
          "passes": [
            "c4c2fc44-566e-4100-98f8-3d280a935a27"
          ],
          "failures": [],
          "pending": [],
          "skipped": [],
          "duration": 2670,
          "root": false,
          "rootEmpty": false,
          "_timeout": 2000
        }
      ],
      "passes": [],
      "failures": [],
      "pending": [],
      "skipped": [],
      "duration": 0,
      "root": true,
      "rootEmpty": true,
      "_timeout": 2000
    }
  ],
  "meta": {
    "mocha": {
      "version": "7.0.1"
    },
    "mochawesome": {
      "options": {
        "quiet": false,
        "reportFilename": "report",
        "saveHtml": true,
        "saveJson": true,
        "consoleReporter": "spec",
        "useInlineDiffs": false,
        "code": true
      },
      "version": "7.1.2"
    },
    "marge": {
      "options": {
        "reportDir": "cypress/reports",
        "reportFilename": "report",
        "overwrite": true,
        "html": true,
        "json": true,
        "charts": true
      },
      "version": "6.1.1"
    }
  }
}