{
  "stats": {
    "suites": 1,
    "tests": 1,
    "passes": 1,
    "pending": 0,
    "failures": 0,
    "start": "2022-03-16T20:18:24.432Z",
    "end": "2022-03-16T20:18:28.132Z",
    "duration": 3700,
    "testsRegistered": 1,
    "passPercent": 100,
    "pendingPercent": 0,
    "other": 0,
    "hasOther": false,
    "skipped": 0,
    "hasSkipped": false
  },
  "results": [
    {
      "uuid": "6076fd4e-cbc0-4e5e-adb5-fb5719f7e86a",
      "title": "",
      "fullFile": "cypress/integration/Day2/File_Uploads.spec.js",
      "file": "cypress/integration/Day2/File_Uploads.spec.js",
      "beforeHooks": [],
      "afterHooks": [],
      "tests": [],
      "suites": [
        {
          "uuid": "43e5f60a-c852-4ea6-9535-6d86858cebd0",
          "title": "File Upload",
          "fullFile": "",
          "file": "",
          "beforeHooks": [],
          "afterHooks": [],
          "tests": [
            {
              "title": "Png file upload",
              "fullTitle": "File Upload Png file upload",
              "timedOut": null,
              "duration": 1785,
              "state": "passed",
              "speed": "fast",
              "pass": true,
              "fail": false,
              "pending": false,
              "context": null,
              "code": "cy.visit('http://practice.cybertekschool.com/upload');\ncy.get('#file-upload').attachFile('download.png');\ncy.get('[class=\"button\"]').click();\ncy.get('#uploaded-files').invoke('text', 'download.png').should('be.visible');",
              "err": {},
              "uuid": "85d39058-f0ea-47b4-a2e9-2ebfab4ab4dd",
              "parentUUID": "43e5f60a-c852-4ea6-9535-6d86858cebd0",
              "isHook": false,
              "skipped": false
            }
          ],
          "suites": [],
          "passes": [
            "85d39058-f0ea-47b4-a2e9-2ebfab4ab4dd"
          ],
          "failures": [],
          "pending": [],
          "skipped": [],
          "duration": 1785,
          "root": false,
          "rootEmpty": false,
          "_timeout": 2000
        }
      ],
      "passes": [],
      "failures": [],
      "pending": [],
      "skipped": [],
      "duration": 0,
      "root": true,
      "rootEmpty": true,
      "_timeout": 2000
    }
  ],
  "meta": {
    "mocha": {
      "version": "7.0.1"
    },
    "mochawesome": {
      "options": {
        "quiet": false,
        "reportFilename": "report",
        "saveHtml": true,
        "saveJson": true,
        "consoleReporter": "spec",
        "useInlineDiffs": false,
        "code": true
      },
      "version": "7.1.2"
    },
    "marge": {
      "options": {
        "reportDir": "cypress/reports",
        "reportFilename": "report",
        "overwrite": false,
        "html": true,
        "json": true,
        "charts": true
      },
      "version": "6.1.1"
    }
  }
}